<?xml version="1.0" encoding="UTF-8"?>
<testsuite name="com.epam.esm.repository.impl.GiftCertificateRepositoryImplTest" tests="9" skipped="0" failures="0" errors="0" timestamp="2022-05-23T09:17:40" hostname="MAX-PC" time="0.126">
  <properties/>
  <testcase name="addTag()" classname="com.epam.esm.repository.impl.GiftCertificateRepositoryImplTest" time="0.077"/>
  <testcase name="create()" classname="com.epam.esm.repository.impl.GiftCertificateRepositoryImplTest" time="0.01"/>
  <testcase name="clearTags()" classname="com.epam.esm.repository.impl.GiftCertificateRepositoryImplTest" time="0.006"/>
  <testcase name="findAllByParamsAndSortByDate()" classname="com.epam.esm.repository.impl.GiftCertificateRepositoryImplTest" time="0.005"/>
  <testcase name="findAll()" classname="com.epam.esm.repository.impl.GiftCertificateRepositoryImplTest" time="0.003"/>
  <testcase name="update()" classname="com.epam.esm.repository.impl.GiftCertificateRepositoryImplTest" time="0.008"/>
  <testcase name="findById()" classname="com.epam.esm.repository.impl.GiftCertificateRepositoryImplTest" time="0.003"/>
  <testcase name="findCertificateTags()" classname="com.epam.esm.repository.impl.GiftCertificateRepositoryImplTest" time="0.003"/>
  <testcase name="deleteById()" classname="com.epam.esm.repository.impl.GiftCertificateRepositoryImplTest" time="0.004"/>
  <system-out><![CDATA[]]></system-out>
  <system-err><![CDATA[мая 23, 2022 11:17:40 AM org.springframework.test.context.support.AbstractTestContextBootstrapper getDefaultTestExecutionListenerClassNames
INFO: Loaded default TestExecutionListener class names from location [META-INF/spring.factories]: [org.springframework.test.context.web.ServletTestExecutionListener, org.springframework.test.context.support.DirtiesContextBeforeModesTestExecutionListener, org.springframework.test.context.event.ApplicationEventsTestExecutionListener, org.springframework.test.context.support.DependencyInjectionTestExecutionListener, org.springframework.test.context.support.DirtiesContextTestExecutionListener, org.springframework.test.context.transaction.TransactionalTestExecutionListener, org.springframework.test.context.jdbc.SqlScriptsTestExecutionListener, org.springframework.test.context.event.EventPublishingTestExecutionListener]
мая 23, 2022 11:17:40 AM org.springframework.test.context.support.AbstractTestContextBootstrapper getTestExecutionListeners
INFO: Using TestExecutionListeners: [org.springframework.test.context.support.DirtiesContextBeforeModesTestExecutionListener@c7ba306, org.springframework.test.context.event.ApplicationEventsTestExecutionListener@4ff8d125, org.springframework.test.context.support.DependencyInjectionTestExecutionListener@6d167f58, org.springframework.test.context.support.DirtiesContextTestExecutionListener@3403e2ac, org.springframework.test.context.transaction.TransactionalTestExecutionListener@65b104b9, org.springframework.test.context.jdbc.SqlScriptsTestExecutionListener@6c4980d3, org.springframework.test.context.event.EventPublishingTestExecutionListener@327bcebd]
мая 23, 2022 11:17:40 AM org.springframework.jdbc.datasource.embedded.EmbeddedDatabaseFactory initDatabase
INFO: Starting embedded database: url='jdbc:h2:mem:testdb;DB_CLOSE_DELAY=-1;DB_CLOSE_ON_EXIT=false', username='sa'
]]></system-err>
</testsuite>
