<?xml version="1.0" encoding="UTF-8"?>
<testsuite name="com.epam.esm.service.impl.GiftCertificateServiceImplTest" tests="6" skipped="0" failures="0" errors="0" timestamp="2022-05-23T09:17:42" hostname="MAX-PC" time="0.834">
  <properties/>
  <testcase name="create()" classname="com.epam.esm.service.impl.GiftCertificateServiceImplTest" time="0.813"/>
  <testcase name="findAll()" classname="com.epam.esm.service.impl.GiftCertificateServiceImplTest" time="0.005"/>
  <testcase name="update()" classname="com.epam.esm.service.impl.GiftCertificateServiceImplTest" time="0.006"/>
  <testcase name="findById()" classname="com.epam.esm.service.impl.GiftCertificateServiceImplTest" time="0.004"/>
  <testcase name="updateFalse()" classname="com.epam.esm.service.impl.GiftCertificateServiceImplTest" time="0.003"/>
  <testcase name="deleteById()" classname="com.epam.esm.service.impl.GiftCertificateServiceImplTest" time="0.001"/>
  <system-out><![CDATA[]]></system-out>
  <system-err><![CDATA[]]></system-err>
</testsuite>
